Many modules are hidden in this stack. Use "module --show_hidden spider SOFTWARE" if you are not able to find the required software

Lmod is automatically replacing "gcc/12.2.0" with
"intel-oneapi-compilers/2023.2.0".


Inactive Modules:
  1) cuda/12.1.1       3) openblas/0.3.24     5) python_cuda/3.11.6
  2) nccl/2.18.3-1     4) python/3.11.6

/cluster/project/cvl/guosun/shangye/Vim/lib/python3.10/site-packages/torch/distributed/launch.py:181: FutureWarning: The module torch.distributed.launch is deprecated
and will be removed in future. Use torchrun.
Note that --use-env is set by default in torchrun.
If your script expects `--local-rank` argument to be set, please
change it to read from `os.environ['LOCAL_RANK']` instead. See 
https://pytorch.org/docs/stable/distributed.html#launch-utility for 
further instructions

  warnings.warn(
/cluster/project/cvl/guosun/shangye/Vim/lib/python3.10/site-packages/torch/nn/modules/conv.py:456: UserWarning: Applied workaround for CuDNN issue, install nvrtc.so (Triggered internally at ../aten/src/ATen/native/cudnn/Conv_v8.cpp:80.)
  return F.conv2d(input, weight, bias, self.stride,
/cluster/project/cvl/guosun/shangye/Vim/lib/python3.10/site-packages/torch/nn/modules/conv.py:456: UserWarning: Applied workaround for CuDNN issue, install nvrtc.so (Triggered internally at ../aten/src/ATen/native/cudnn/Conv_v8.cpp:80.)
  return F.conv2d(input, weight, bias, self.stride,
/cluster/project/cvl/guosun/shangye/Vim/lib/python3.10/site-packages/torch/nn/modules/conv.py:456: UserWarning: Applied workaround for CuDNN issue, install nvrtc.so (Triggered internally at ../aten/src/ATen/native/cudnn/Conv_v8.cpp:80.)
  return F.conv2d(input, weight, bias, self.stride,
/cluster/project/cvl/guosun/shangye/Vim/lib/python3.10/site-packages/torch/nn/modules/conv.py:456: UserWarning: Applied workaround for CuDNN issue, install nvrtc.so (Triggered internally at ../aten/src/ATen/native/cudnn/Conv_v8.cpp:80.)
  return F.conv2d(input, weight, bias, self.stride,
/cluster/project/cvl/guosun/shangye/Vim/lib/python3.10/site-packages/torch/nn/modules/conv.py:456: UserWarning: Applied workaround for CuDNN issue, install nvrtc.so (Triggered internally at ../aten/src/ATen/native/cudnn/Conv_v8.cpp:80.)
  return F.conv2d(input, weight, bias, self.stride,
/cluster/project/cvl/guosun/shangye/Vim/lib/python3.10/site-packages/torch/nn/modules/conv.py:456: UserWarning: Applied workaround for CuDNN issue, install nvrtc.so (Triggered internally at ../aten/src/ATen/native/cudnn/Conv_v8.cpp:80.)
  return F.conv2d(input, weight, bias, self.stride,
/cluster/project/cvl/guosun/shangye/Vim/lib/python3.10/site-packages/torch/nn/modules/conv.py:456: UserWarning: Applied workaround for CuDNN issue, install nvrtc.so (Triggered internally at ../aten/src/ATen/native/cudnn/Conv_v8.cpp:80.)
  return F.conv2d(input, weight, bias, self.stride,
/cluster/project/cvl/guosun/shangye/Vim/lib/python3.10/site-packages/torch/nn/modules/conv.py:456: UserWarning: Applied workaround for CuDNN issue, install nvrtc.so (Triggered internally at ../aten/src/ATen/native/cudnn/Conv_v8.cpp:80.)
  return F.conv2d(input, weight, bias, self.stride,
Traceback (most recent call last):
  File "/scratch/tmp.14184729.guosun/main.py", line 563, in <module>
    main(args)
  File "/scratch/tmp.14184729.guosun/main.py", line 495, in main
    train_stats = train_one_epoch(
  File "/scratch/tmp.14184729.guosun/engine.py", line 36, in train_one_epoch
    for samples, targets in metric_logger.log_every(data_loader, print_freq, header):
  File "/scratch/tmp.14184729.guosun/utils.py", line 144, in log_every
    print(log_msg.format(
  File "/scratch/tmp.14184729.guosun/utils.py", line 182, in print
    builtin_print(*args, **kwargs)
OSError: [Errno 122] Disk quota exceeded
[2024-11-05 18:05:52,982] torch.distributed.elastic.multiprocessing.api: [WARNING] Sending process 2599866 closing signal SIGTERM
[2024-11-05 18:05:52,983] torch.distributed.elastic.multiprocessing.api: [WARNING] Sending process 2599867 closing signal SIGTERM
[2024-11-05 18:05:52,985] torch.distributed.elastic.multiprocessing.api: [WARNING] Sending process 2599868 closing signal SIGTERM
[2024-11-05 18:05:52,986] torch.distributed.elastic.multiprocessing.api: [WARNING] Sending process 2599869 closing signal SIGTERM
[2024-11-05 18:05:52,986] torch.distributed.elastic.multiprocessing.api: [WARNING] Sending process 2599870 closing signal SIGTERM
[2024-11-05 18:05:52,987] torch.distributed.elastic.multiprocessing.api: [WARNING] Sending process 2599871 closing signal SIGTERM
[2024-11-05 18:05:52,987] torch.distributed.elastic.multiprocessing.api: [WARNING] Sending process 2599872 closing signal SIGTERM
[2024-11-05 18:05:53,403] torch.distributed.elastic.multiprocessing.api: [ERROR] failed (exitcode: 1) local_rank: 0 (pid: 2599865) of binary: /cluster/project/cvl/guosun/shangye/Vim/bin/python
Traceback (most recent call last):
  File "/cluster/software/stacks/2024-06/spack/opt/spack/linux-ubuntu22.04-x86_64_v3/gcc-12.2.0/python-3.10.13-f2dq73rq2g6nuqmlbmfpcrfs6fe72i6f/lib/python3.10/runpy.py", line 196, in _run_module_as_main
    return _run_code(code, main_globals, None,
  File "/cluster/software/stacks/2024-06/spack/opt/spack/linux-ubuntu22.04-x86_64_v3/gcc-12.2.0/python-3.10.13-f2dq73rq2g6nuqmlbmfpcrfs6fe72i6f/lib/python3.10/runpy.py", line 86, in _run_code
    exec(code, run_globals)
  File "/cluster/project/cvl/guosun/shangye/Vim/lib/python3.10/site-packages/torch/distributed/launch.py", line 196, in <module>
    main()
  File "/cluster/project/cvl/guosun/shangye/Vim/lib/python3.10/site-packages/torch/distributed/launch.py", line 192, in main
    launch(args)
  File "/cluster/project/cvl/guosun/shangye/Vim/lib/python3.10/site-packages/torch/distributed/launch.py", line 177, in launch
    run(args)
  File "/cluster/project/cvl/guosun/shangye/Vim/lib/python3.10/site-packages/torch/distributed/run.py", line 797, in run
    elastic_launch(
  File "/cluster/project/cvl/guosun/shangye/Vim/lib/python3.10/site-packages/torch/distributed/launcher/api.py", line 134, in __call__
    return launch_agent(self._config, self._entrypoint, list(args))
  File "/cluster/project/cvl/guosun/shangye/Vim/lib/python3.10/site-packages/torch/distributed/launcher/api.py", line 264, in launch_agent
    raise ChildFailedError(
torch.distributed.elastic.multiprocessing.errors.ChildFailedError: 
============================================================
main.py FAILED
------------------------------------------------------------
Failures:
  <NO_OTHER_FAILURES>
------------------------------------------------------------
Root Cause (first observed failure):
[0]:
  time      : 2024-11-05_18:05:52
  host      : eu-g6-056.euler.ethz.ch
  rank      : 0 (local_rank: 0)
  exitcode  : 1 (pid: 2599865)
  error_file: <N/A>
  traceback : To enable traceback see: https://pytorch.org/docs/stable/elastic/errors.html
============================================================
