Many modules are hidden in this stack. Use "module --show_hidden spider SOFTWARE" if you are not able to find the required software

Lmod is automatically replacing "gcc/12.2.0" with
"intel-oneapi-compilers/2023.2.0".


Inactive Modules:
  1) cuda/12.1.1       3) openblas/0.3.24     5) python_cuda/3.11.6
  2) nccl/2.18.3-1     4) python/3.11.6

/cluster/project/cvl/guosun/shangye/Vim/lib/python3.10/site-packages/torch/distributed/launch.py:181: FutureWarning: The module torch.distributed.launch is deprecated
and will be removed in future. Use torchrun.
Note that --use-env is set by default in torchrun.
If your script expects `--local-rank` argument to be set, please
change it to read from `os.environ['LOCAL_RANK']` instead. See 
https://pytorch.org/docs/stable/distributed.html#launch-utility for 
further instructions

  warnings.warn(
/cluster/project/cvl/guosun/shangye/Vim/lib/python3.10/site-packages/torch/nn/modules/conv.py:456: UserWarning: Applied workaround for CuDNN issue, install nvrtc.so (Triggered internally at ../aten/src/ATen/native/cudnn/Conv_v8.cpp:80.)
  return F.conv2d(input, weight, bias, self.stride,
/cluster/project/cvl/guosun/shangye/Vim/lib/python3.10/site-packages/torch/nn/modules/conv.py:456: UserWarning: Applied workaround for CuDNN issue, install nvrtc.so (Triggered internally at ../aten/src/ATen/native/cudnn/Conv_v8.cpp:80.)
  return F.conv2d(input, weight, bias, self.stride,
/cluster/project/cvl/guosun/shangye/Vim/lib/python3.10/site-packages/torch/nn/modules/conv.py:456: UserWarning: Applied workaround for CuDNN issue, install nvrtc.so (Triggered internally at ../aten/src/ATen/native/cudnn/Conv_v8.cpp:80.)
  return F.conv2d(input, weight, bias, self.stride,
/cluster/project/cvl/guosun/shangye/Vim/lib/python3.10/site-packages/torch/nn/modules/conv.py:456: UserWarning: Applied workaround for CuDNN issue, install nvrtc.so (Triggered internally at ../aten/src/ATen/native/cudnn/Conv_v8.cpp:80.)
  return F.conv2d(input, weight, bias, self.stride,
/cluster/project/cvl/guosun/shangye/Vim/lib/python3.10/site-packages/torch/nn/modules/conv.py:456: UserWarning: Applied workaround for CuDNN issue, install nvrtc.so (Triggered internally at ../aten/src/ATen/native/cudnn/Conv_v8.cpp:80.)
  return F.conv2d(input, weight, bias, self.stride,
/cluster/project/cvl/guosun/shangye/Vim/lib/python3.10/site-packages/torch/nn/modules/conv.py:456: UserWarning: Applied workaround for CuDNN issue, install nvrtc.so (Triggered internally at ../aten/src/ATen/native/cudnn/Conv_v8.cpp:80.)
  return F.conv2d(input, weight, bias, self.stride,
/cluster/project/cvl/guosun/shangye/Vim/lib/python3.10/site-packages/torch/nn/modules/conv.py:456: UserWarning: Applied workaround for CuDNN issue, install nvrtc.so (Triggered internally at ../aten/src/ATen/native/cudnn/Conv_v8.cpp:80.)
  return F.conv2d(input, weight, bias, self.stride,
/cluster/project/cvl/guosun/shangye/Vim/lib/python3.10/site-packages/torch/nn/modules/conv.py:456: UserWarning: Applied workaround for CuDNN issue, install nvrtc.so (Triggered internally at ../aten/src/ATen/native/cudnn/Conv_v8.cpp:80.)
  return F.conv2d(input, weight, bias, self.stride,
Traceback (most recent call last):
  File "/scratch/tmp.9588220.guosun/main.py", line 578, in <module>
    main(args)
  File "/scratch/tmp.9588220.guosun/main.py", line 527, in main
    train_stats = train_one_epoch(
  File "/scratch/tmp.9588220.guosun/engine.py", line 37, in train_one_epoch
    for samples, targets in metric_logger.log_every(data_loader, print_freq, header):
  File "/scratch/tmp.9588220.guosun/utils.py", line 146, in log_every
    print(log_msg.format(
  File "/scratch/tmp.9588220.guosun/utils.py", line 184, in print
    builtin_print(*args, **kwargs)
OSError: [Errno 122] Disk quota exceeded
[2024-10-01 12:23:23,569] torch.distributed.elastic.multiprocessing.api: [ERROR] failed (exitcode: 1) local_rank: 0 (pid: 3668712) of binary: /cluster/project/cvl/guosun/shangye/Vim/bin/python
